Start epoch 1
Start style training
Batch 10, loss = 3.3324763774871826
Batch 20, loss = 3.377321481704712
Batch 30, loss = 3.3724448680877686
Batch 40, loss = 3.280090808868408
Batch 50, loss = 3.2624683380126953
Batch 60, loss = 3.2732529640197754
Batch 70, loss = 3.3444879055023193
Batch 80, loss = 3.2960262298583984
Batch 90, loss = 3.214521884918213
Batch 100, loss = 3.1765589714050293
Batch 110, loss = 3.3198657035827637
Batch 120, loss = 3.2189433574676514
Batch 130, loss = 3.2495830059051514
Batch 140, loss = 3.2474148273468018
Batch 150, loss = 3.2652854919433594
Batch 160, loss = 3.2258071899414062
Batch 170, loss = 3.228957414627075
Batch 180, loss = 3.2397587299346924
Batch 190, loss = 3.258373975753784
Batch 200, loss = 3.403825044631958
Batch 210, loss = 3.226369619369507
Batch 220, loss = 3.1975510120391846
Batch 230, loss = 3.2582778930664062
Batch 240, loss = 3.3305583000183105
Batch 250, loss = 3.2036495208740234
Batch 260, loss = 3.3847858905792236
Batch 270, loss = 3.1795363426208496
Batch 280, loss = 3.243276834487915
Batch 290, loss = 3.2513556480407715
Batch 300, loss = 3.124410629272461
Batch 310, loss = 3.2404844760894775
Batch 320, loss = 3.2062900066375732
Batch 330, loss = 3.365893602371216
Batch 340, loss = 3.163832426071167
Batch 350, loss = 3.4149374961853027
Batch 360, loss = 3.196599006652832
Batch 370, loss = 3.2070555686950684
Batch 380, loss = 3.1115097999572754
Batch 390, loss = 3.1341638565063477
Batch 400, loss = 3.284386396408081
Batch 410, loss = 3.065746307373047
Batch 420, loss = 3.065863847732544
Batch 430, loss = 3.2127182483673096
Batch 440, loss = 3.3229143619537354
Batch 450, loss = 3.190394878387451
Batch 460, loss = 3.156153678894043
Batch 470, loss = 3.018846273422241
Batch 480, loss = 3.2504613399505615
Batch 490, loss = 3.0355446338653564
Batch 500, loss = 3.0438904762268066
Batch 510, loss = 3.1047980785369873
Batch 520, loss = 3.3572285175323486
Batch 530, loss = 3.1204311847686768
Batch 540, loss = 3.1740458011627197
Batch 550, loss = 3.201557159423828
Batch 560, loss = 3.21968936920166
Batch 570, loss = 3.237697124481201
Batch 580, loss = 3.1910009384155273
Batch 590, loss = 3.271944046020508
Batch 600, loss = 3.128638982772827
Batch 610, loss = 3.1047184467315674
Batch 620, loss = 3.1700942516326904
Batch 630, loss = 3.0349020957946777
Batch 640, loss = 3.192891836166382
Batch 650, loss = 3.244812488555908
Batch 660, loss = 3.0491764545440674
Batch 670, loss = 3.016221761703491
Batch 680, loss = 3.242553234100342
Batch 690, loss = 3.0787463188171387
Batch 700, loss = 3.084488868713379
Batch 710, loss = 3.302583932876587
Batch 720, loss = 3.173692464828491
Batch 730, loss = 3.066347360610962
Batch 740, loss = 2.911099910736084
Batch 750, loss = 3.103166103363037
Batch 760, loss = 3.175640821456909
Batch 770, loss = 3.0114004611968994
Batch 780, loss = 3.032820463180542
Batch 790, loss = 3.2005484104156494
Batch 800, loss = 3.148076295852661
Batch 810, loss = 3.054304838180542
Batch 820, loss = 3.0914061069488525
Batch 830, loss = 3.1737184524536133
Batch 840, loss = 3.1960067749023438
Batch 850, loss = 3.024886131286621
Batch 860, loss = 3.078477621078491
Batch 870, loss = 3.024571657180786
Batch 880, loss = 3.0539169311523438
Batch 890, loss = 3.065129518508911
Start genre training
Batch 10, loss = 2.3290295600891113
Batch 20, loss = 2.2574543952941895
Batch 30, loss = 2.305340528488159
Batch 40, loss = 2.2318813800811768
Batch 50, loss = 2.2406513690948486
Batch 60, loss = 2.2236056327819824
Batch 70, loss = 2.177462577819824
Batch 80, loss = 2.174410104751587
Batch 90, loss = 2.126715660095215
Batch 100, loss = 2.163571834564209
Batch 110, loss = 2.1993422508239746
Batch 120, loss = 2.2118964195251465
Batch 130, loss = 2.1227798461914062
Batch 140, loss = 2.127445936203003
Batch 150, loss = 2.1502528190612793
Batch 160, loss = 2.0879032611846924
Batch 170, loss = 2.1434130668640137
Batch 180, loss = 2.170198917388916
Batch 190, loss = 2.0742862224578857
Batch 200, loss = 2.0611376762390137
Batch 210, loss = 2.080146312713623
Batch 220, loss = 2.217503309249878
Batch 230, loss = 2.090059995651245
Batch 240, loss = 2.2089176177978516
Batch 250, loss = 2.100181818008423
Batch 260, loss = 2.25101637840271
Batch 270, loss = 2.117966413497925
Batch 280, loss = 2.0806825160980225
Batch 290, loss = 2.162905693054199
Batch 300, loss = 2.105025291442871
Batch 310, loss = 1.9689711332321167
Batch 320, loss = 2.0118489265441895
Batch 330, loss = 2.2072548866271973
Batch 340, loss = 1.9813672304153442
Batch 350, loss = 2.061328172683716
Batch 360, loss = 2.064257860183716
Batch 370, loss = 1.974109411239624
Batch 380, loss = 2.077065944671631
Batch 390, loss = 1.9541445970535278
Batch 400, loss = 1.9525748491287231
Batch 410, loss = 2.068453788757324
Batch 420, loss = 2.081998348236084
Batch 430, loss = 2.10276198387146
Batch 440, loss = 2.034679651260376
Batch 450, loss = 2.032825469970703
Batch 460, loss = 2.157170534133911
Batch 470, loss = 1.9599519968032837
Batch 480, loss = 1.9996222257614136
Batch 490, loss = 2.0562446117401123
Batch 500, loss = 2.0161426067352295
Batch 510, loss = 2.173715114593506
Batch 520, loss = 1.9665571451187134
Batch 530, loss = 2.04933762550354
Batch 540, loss = 2.0644495487213135
Batch 550, loss = 1.9639097452163696
Batch 560, loss = 2.0271730422973633
Batch 570, loss = 1.954329252243042
Batch 580, loss = 2.0785791873931885
Batch 590, loss = 2.2526631355285645
Batch 600, loss = 1.956272006034851
Batch 610, loss = 2.0588204860687256
Batch 620, loss = 2.044374704360962
Batch 630, loss = 1.9681388139724731
Batch 640, loss = 2.1699728965759277
Batch 650, loss = 1.9284379482269287
Batch 660, loss = 2.0378410816192627
Batch 670, loss = 2.146869421005249
Batch 680, loss = 2.0290677547454834
Batch 690, loss = 1.950601577758789
Batch 700, loss = 1.9418489933013916
Batch 710, loss = 2.105682849884033
Start artist training
Batch 10, loss = 3.361208438873291
Batch 20, loss = 3.2466838359832764
Batch 30, loss = 3.2088661193847656
Batch 40, loss = 3.1906750202178955
Batch 50, loss = 3.212538003921509
Batch 60, loss = 3.1159722805023193
Batch 70, loss = 3.1005053520202637
Batch 80, loss = 3.104034185409546
Batch 90, loss = 3.1195735931396484
Batch 100, loss = 3.1630537509918213
Batch 110, loss = 3.0775063037872314
Batch 120, loss = 3.1303799152374268
Batch 130, loss = 2.9979820251464844
Batch 140, loss = 2.9895436763763428
Batch 150, loss = 3.0059986114501953
Batch 160, loss = 3.0234644412994385
Batch 170, loss = 2.9801101684570312
Batch 180, loss = 3.0321874618530273
Batch 190, loss = 3.0146079063415527
Batch 200, loss = 2.9142093658447266
Start epoch 2
Start style training
Batch 10, loss = 3.2920825481414795
Batch 20, loss = 3.131706714630127
Batch 30, loss = 3.1630632877349854
Batch 40, loss = 3.0988974571228027
Batch 50, loss = 3.4937539100646973
Batch 60, loss = 3.336766242980957
Batch 70, loss = 3.392552614212036
Batch 80, loss = 3.081359624862671
Batch 90, loss = 3.1675262451171875
Batch 100, loss = 3.227736711502075
Batch 110, loss = 3.2482893466949463
Batch 120, loss = 3.0841853618621826
Batch 130, loss = 3.14103627204895
Batch 140, loss = 3.126328945159912
Batch 150, loss = 3.0132012367248535
Batch 160, loss = 3.2365520000457764
Batch 170, loss = 3.095292806625366
Batch 180, loss = 3.076728343963623
Batch 190, loss = 3.1228206157684326
Batch 200, loss = 3.0774612426757812
Batch 210, loss = 3.098470449447632
Batch 220, loss = 3.0363895893096924
Batch 230, loss = 3.19576096534729
Batch 240, loss = 3.2099449634552
Batch 250, loss = 3.073516368865967
Batch 260, loss = 3.1280033588409424
Batch 270, loss = 3.183762788772583
Batch 280, loss = 3.4062695503234863
Batch 290, loss = 2.953023910522461
Batch 300, loss = 2.8900809288024902
Batch 310, loss = 3.0721585750579834
Batch 320, loss = 2.993746280670166
Batch 330, loss = 2.945939064025879
Batch 340, loss = 3.0158205032348633
Batch 350, loss = 3.123253107070923
Batch 360, loss = 3.1389224529266357
Batch 370, loss = 3.103813886642456
Batch 380, loss = 2.9623336791992188
Batch 390, loss = 3.0023579597473145
Batch 400, loss = 2.971616744995117
Batch 410, loss = 2.9677534103393555
Batch 420, loss = 3.2090539932250977
Batch 430, loss = 2.9512577056884766
Batch 440, loss = 2.9555277824401855
Batch 450, loss = 3.315070152282715
Batch 460, loss = 3.2199110984802246
Batch 470, loss = 2.8905179500579834
Batch 480, loss = 3.123746633529663
Batch 490, loss = 3.098540782928467
Batch 500, loss = 2.920060873031616
Batch 510, loss = 2.906621217727661
Batch 520, loss = 2.861616611480713
Batch 530, loss = 2.9636542797088623
Batch 540, loss = 3.137021780014038
Batch 550, loss = 3.058382272720337
Batch 560, loss = 3.0346715450286865
Batch 570, loss = 2.819892644882202
Batch 580, loss = 3.1074957847595215
Batch 590, loss = 3.231684923171997
Batch 600, loss = 2.9407036304473877
Batch 610, loss = 2.97103214263916
Batch 620, loss = 3.0765135288238525
Batch 630, loss = 3.146444320678711
Batch 640, loss = 3.102837562561035
Batch 650, loss = 2.9417126178741455
Batch 660, loss = 3.12020206451416
Batch 670, loss = 2.986173152923584
Batch 680, loss = 3.099271059036255
Batch 690, loss = 3.1087512969970703
Batch 700, loss = 2.8786118030548096
Batch 710, loss = 2.921278715133667
Batch 720, loss = 2.9877126216888428
Batch 730, loss = 3.003854513168335
Batch 740, loss = 3.0746748447418213
Batch 750, loss = 2.909149408340454
Batch 760, loss = 2.911801815032959
Batch 770, loss = 2.8069663047790527
Batch 780, loss = 3.061985492706299
Batch 790, loss = 2.934443712234497
Batch 800, loss = 2.99560546875
Batch 810, loss = 2.9518704414367676
Batch 820, loss = 2.7976438999176025
Batch 830, loss = 2.947021484375
Batch 840, loss = 3.0084943771362305
Batch 850, loss = 3.0124635696411133
Batch 860, loss = 3.0123164653778076
Batch 870, loss = 3.071178674697876
Batch 880, loss = 3.0729057788848877
Batch 890, loss = 2.8779094219207764
Start genre training
Batch 10, loss = 2.1637392044067383
Batch 20, loss = 2.0655746459960938
Batch 30, loss = 2.0698347091674805
Batch 40, loss = 2.134091854095459
Batch 50, loss = 2.0311789512634277
Batch 60, loss = 2.1492061614990234
Batch 70, loss = 2.0752530097961426
Batch 80, loss = 2.119927406311035
Batch 90, loss = 1.9678219556808472
Batch 100, loss = 1.972028374671936
Batch 110, loss = 1.9379884004592896
Batch 120, loss = 2.047178030014038
Batch 130, loss = 2.0692379474639893
Batch 140, loss = 2.0611257553100586
Batch 150, loss = 2.0875840187072754
Batch 160, loss = 1.9564204216003418
Batch 170, loss = 1.8685320615768433
Batch 180, loss = 2.0826923847198486
Batch 190, loss = 2.0350699424743652
Batch 200, loss = 1.9320003986358643
Batch 210, loss = 1.9468753337860107
Batch 220, loss = 1.9474573135375977
Batch 230, loss = 1.8943625688552856
Batch 240, loss = 2.0146572589874268
Batch 250, loss = 1.8909498453140259
Batch 260, loss = 1.9952106475830078
Batch 270, loss = 1.8430036306381226
Batch 280, loss = 2.0550734996795654
Batch 290, loss = 1.9793343544006348
Batch 300, loss = 1.8267087936401367
Batch 310, loss = 1.7932604551315308
Batch 320, loss = 2.010213851928711
Batch 330, loss = 2.0912842750549316
Batch 340, loss = 1.7843250036239624
Batch 350, loss = 2.0475966930389404
Batch 360, loss = 1.98930025100708
Batch 370, loss = 1.8435649871826172
Batch 380, loss = 1.9462586641311646
Batch 390, loss = 2.01869797706604
Batch 400, loss = 1.912719964981079
Batch 410, loss = 1.8556082248687744
Batch 420, loss = 1.9458421468734741
Batch 430, loss = 2.0349879264831543
Batch 440, loss = 1.9581360816955566
Batch 450, loss = 1.9136238098144531
Batch 460, loss = 1.8700778484344482
Batch 470, loss = 1.9531258344650269
Batch 480, loss = 2.0576841831207275
Batch 490, loss = 1.9830341339111328
Batch 500, loss = 1.9092447757720947
Batch 510, loss = 2.1139895915985107
Batch 520, loss = 1.8737095594406128
Batch 530, loss = 2.0095043182373047
Batch 540, loss = 1.9098031520843506
Batch 550, loss = 1.8682504892349243
Batch 560, loss = 1.858291745185852
Batch 570, loss = 1.9321887493133545
Batch 580, loss = 1.8318722248077393
Batch 590, loss = 2.107279062271118
Batch 600, loss = 1.8734451532363892
Batch 610, loss = 2.089345693588257
Batch 620, loss = 1.916125774383545
Batch 630, loss = 1.7796263694763184
Batch 640, loss = 2.018883466720581
Batch 650, loss = 1.945178508758545
Batch 660, loss = 1.9579517841339111
Batch 670, loss = 1.889014720916748
Batch 680, loss = 1.7436001300811768
Batch 690, loss = 1.892646074295044
Batch 700, loss = 1.813923954963684
Batch 710, loss = 2.1145622730255127
Start artist training
Batch 10, loss = 3.0532424449920654
Batch 20, loss = 3.103349208831787
Batch 30, loss = 3.1639468669891357
Batch 40, loss = 3.0954113006591797
Batch 50, loss = 3.132399320602417
Batch 60, loss = 3.048448085784912
Batch 70, loss = 2.9772655963897705
Batch 80, loss = 2.9189822673797607
Batch 90, loss = 3.0659327507019043
Batch 100, loss = 2.953587532043457
Batch 110, loss = 2.992776393890381
Batch 120, loss = 2.8243582248687744
Batch 130, loss = 2.9156036376953125
Batch 140, loss = 2.8538148403167725
Batch 150, loss = 2.7862391471862793
Batch 160, loss = 2.8889269828796387
Batch 170, loss = 2.853203535079956
Batch 180, loss = 2.8655972480773926
Batch 190, loss = 2.8833160400390625
Batch 200, loss = 2.902967691421509
Start epoch 3
Start style training
Batch 10, loss = 3.1399142742156982
Batch 20, loss = 3.125532388687134
Batch 30, loss = 3.1049509048461914
Batch 40, loss = 3.072801113128662
Batch 50, loss = 2.792306661605835
Batch 60, loss = 3.035142421722412
Batch 70, loss = 3.042707681655884
Batch 80, loss = 3.09358811378479
Batch 90, loss = 2.989548444747925
Batch 100, loss = 3.0011849403381348
Batch 110, loss = 3.035834550857544
Batch 120, loss = 2.818338394165039
Batch 130, loss = 3.002345561981201
Batch 140, loss = 2.938605785369873
Batch 150, loss = 3.1387598514556885
Batch 160, loss = 3.128370761871338
Batch 170, loss = 2.851536273956299
Batch 180, loss = 2.9131925106048584
Batch 190, loss = 2.925964117050171
Batch 200, loss = 3.0878875255584717
Batch 210, loss = 2.9672982692718506
Batch 220, loss = 2.989191770553589
Batch 230, loss = 3.281663656234741
Batch 240, loss = 3.0568301677703857
Batch 250, loss = 3.511734962463379
Batch 260, loss = 2.931119441986084
Batch 270, loss = 3.027909755706787
Batch 280, loss = 3.1297669410705566
Batch 290, loss = 3.0158121585845947
Batch 300, loss = 2.9935479164123535
Batch 310, loss = 3.028430700302124
Batch 320, loss = 3.169710397720337
Batch 330, loss = 2.8438432216644287
Batch 340, loss = 3.0756261348724365
Batch 350, loss = 3.3065993785858154
Batch 360, loss = 2.923444986343384
Batch 370, loss = 2.9499127864837646
Batch 380, loss = 2.9238126277923584
Batch 390, loss = 2.895292282104492
Batch 400, loss = 2.9201366901397705
Batch 410, loss = 2.9002065658569336
Batch 420, loss = 2.982661247253418
Batch 430, loss = 3.0869369506835938
Batch 440, loss = 3.3851802349090576
Batch 450, loss = 2.8916726112365723
Batch 460, loss = 2.963670015335083
Batch 470, loss = 3.2151272296905518
Batch 480, loss = 3.0069427490234375
Batch 490, loss = 2.7798993587493896
Batch 500, loss = 3.10430908203125
Batch 510, loss = 2.8860116004943848
Batch 520, loss = 3.056694507598877
Batch 530, loss = 2.767376184463501
Batch 540, loss = 2.7451438903808594
Batch 550, loss = 3.0082719326019287
Batch 560, loss = 3.134822130203247
Batch 570, loss = 3.0935142040252686
Batch 580, loss = 2.9134790897369385
Batch 590, loss = 2.9600672721862793
Batch 600, loss = 3.1877143383026123
Batch 610, loss = 3.096904993057251
Batch 620, loss = 2.7352395057678223
Batch 630, loss = 2.9118268489837646
Batch 640, loss = 2.961177349090576
Batch 650, loss = 2.995861530303955
Batch 660, loss = 2.942319631576538
Batch 670, loss = 2.960188627243042
Batch 680, loss = 3.1225087642669678
Batch 690, loss = 2.6855251789093018
Batch 700, loss = 2.8860387802124023
Batch 710, loss = 2.7692313194274902
Batch 720, loss = 2.828665018081665
Batch 730, loss = 3.000478982925415
Batch 740, loss = 3.1658926010131836
Batch 750, loss = 2.924234390258789
Batch 760, loss = 2.8620450496673584
Batch 770, loss = 2.854966878890991
Batch 780, loss = 2.597935914993286
Batch 790, loss = 2.8675270080566406
Batch 800, loss = 2.8106610774993896
Batch 810, loss = 3.0072357654571533
Batch 820, loss = 2.8391900062561035
Batch 830, loss = 3.057356119155884
Batch 840, loss = 2.750532627105713
Batch 850, loss = 3.1548373699188232
Batch 860, loss = 2.7972323894500732
Batch 870, loss = 2.8614296913146973
Batch 880, loss = 2.968371629714966
Batch 890, loss = 3.161039352416992
Start genre training
Batch 10, loss = 2.284210443496704
Batch 20, loss = 2.1584200859069824
Batch 30, loss = 1.9406453371047974
Batch 40, loss = 2.10806941986084
Batch 50, loss = 2.078434944152832
Batch 60, loss = 1.9541919231414795
Batch 70, loss = 1.9395862817764282
Batch 80, loss = 1.9416530132293701
Batch 90, loss = 1.9133962392807007
Batch 100, loss = 1.9617862701416016
Batch 110, loss = 1.9228814840316772
Batch 120, loss = 1.9407936334609985
Batch 130, loss = 2.0745792388916016
Batch 140, loss = 2.0040504932403564
Batch 150, loss = 1.768787145614624
Batch 160, loss = 1.9405702352523804
Batch 170, loss = 1.8998067378997803
Batch 180, loss = 1.905456781387329
Batch 190, loss = 1.789566159248352
Batch 200, loss = 1.7487902641296387
Batch 210, loss = 1.8758363723754883
Batch 220, loss = 2.016752004623413
Batch 230, loss = 1.8881134986877441
Batch 240, loss = 1.7793632745742798
Batch 250, loss = 2.076725482940674
Batch 260, loss = 1.8188674449920654
Batch 270, loss = 2.056601047515869
Batch 280, loss = 2.0351362228393555
Batch 290, loss = 1.7329883575439453
Batch 300, loss = 1.9397391080856323
Batch 310, loss = 2.045602560043335
Batch 320, loss = 1.8561863899230957
Batch 330, loss = 1.7314461469650269
Batch 340, loss = 2.1921346187591553
Batch 350, loss = 1.6592977046966553
Batch 360, loss = 2.123969554901123
Batch 370, loss = 1.9152493476867676
Batch 380, loss = 1.9455108642578125
Batch 390, loss = 1.9919681549072266
Batch 400, loss = 1.8589973449707031
Batch 410, loss = 1.8609596490859985
Batch 420, loss = 2.0896944999694824
Batch 430, loss = 1.7072553634643555
Batch 440, loss = 1.8339664936065674
Batch 450, loss = 1.9143130779266357
Batch 460, loss = 1.7575950622558594
Batch 470, loss = 1.8561532497406006
Batch 480, loss = 1.6237465143203735
Batch 490, loss = 1.7691301107406616
Batch 500, loss = 1.845152735710144
Batch 510, loss = 1.7793781757354736
Batch 520, loss = 2.0188827514648438
Batch 530, loss = 1.9162017107009888
Batch 540, loss = 1.8273916244506836
Batch 550, loss = 1.8926838636398315
Batch 560, loss = 1.9678400754928589
Batch 570, loss = 1.8167752027511597
Batch 580, loss = 1.9128820896148682
Batch 590, loss = 1.988211750984192
Batch 600, loss = 1.886648416519165
Batch 610, loss = 1.6928259134292603
Batch 620, loss = 1.9860637187957764
Batch 630, loss = 1.8206429481506348
Batch 640, loss = 1.8213924169540405
Batch 650, loss = 1.7586090564727783
Batch 660, loss = 1.8746662139892578
Batch 670, loss = 1.9446724653244019
Batch 680, loss = 2.0587730407714844
Batch 690, loss = 1.7487608194351196
Batch 700, loss = 1.8797210454940796
Batch 710, loss = 1.9548734426498413
Start artist training
Batch 10, loss = 3.0363566875457764
Batch 20, loss = 3.0902113914489746
Batch 30, loss = 2.914961099624634
Batch 40, loss = 2.9450175762176514
Batch 50, loss = 2.844470977783203
Batch 60, loss = 2.903611898422241
Batch 70, loss = 2.9944119453430176
Batch 80, loss = 2.964852809906006
Batch 90, loss = 2.8903887271881104
Batch 100, loss = 2.8367910385131836
Batch 110, loss = 2.8295493125915527
Batch 120, loss = 2.8279364109039307
Batch 130, loss = 2.728538990020752
Batch 140, loss = 2.7259812355041504
Batch 150, loss = 2.717751979827881
Batch 160, loss = 2.8777546882629395
Batch 170, loss = 2.7884199619293213
Batch 180, loss = 2.8402163982391357
Batch 190, loss = 2.6797478199005127
Batch 200, loss = 2.752955198287964
Start epoch 4
Start style training
Batch 10, loss = 2.9652693271636963
Batch 20, loss = 2.9777586460113525
Batch 30, loss = 2.874858856201172
Batch 40, loss = 3.082767963409424
Batch 50, loss = 2.8018548488616943
Batch 60, loss = 2.816079616546631
Batch 70, loss = 3.012744426727295
Batch 80, loss = 2.9212961196899414
Batch 90, loss = 2.8977949619293213
Batch 100, loss = 3.013591766357422
Batch 110, loss = 2.9711921215057373
Batch 120, loss = 2.852339506149292
Batch 130, loss = 2.832301139831543
Batch 140, loss = 2.835994005203247
Batch 150, loss = 3.2868783473968506
Batch 160, loss = 2.8647849559783936
Batch 170, loss = 3.1811931133270264
Batch 180, loss = 2.5729804039001465
Batch 190, loss = 2.8004329204559326
Batch 200, loss = 2.8580987453460693
Batch 210, loss = 2.929331064224243
Batch 220, loss = 3.331498861312866
Batch 230, loss = 2.7871577739715576
Batch 240, loss = 3.0130791664123535
Batch 250, loss = 2.862711191177368
Batch 260, loss = 2.9633896350860596
Batch 270, loss = 2.8252623081207275
Batch 280, loss = 2.76757550239563
Batch 290, loss = 3.0029215812683105
Batch 300, loss = 3.287992477416992
Batch 310, loss = 3.106729030609131
Batch 320, loss = 2.985010862350464
Batch 330, loss = 3.095823287963867
Batch 340, loss = 2.972768545150757
Batch 350, loss = 2.986179828643799
Batch 360, loss = 2.6507976055145264
Batch 370, loss = 3.027560234069824
Batch 380, loss = 2.7101993560791016
Batch 390, loss = 2.902074098587036
Batch 400, loss = 2.909791946411133
Batch 410, loss = 2.848764419555664
Batch 420, loss = 2.836207628250122
Batch 430, loss = 3.4054787158966064
Batch 440, loss = 2.9512851238250732
Batch 450, loss = 2.796741247177124
Batch 460, loss = 2.9475290775299072
Batch 470, loss = 3.145327568054199
Batch 480, loss = 2.8722357749938965
Batch 490, loss = 2.7240242958068848
Batch 500, loss = 2.722611665725708
Batch 510, loss = 2.932633638381958
Batch 520, loss = 2.9897472858428955
Batch 530, loss = 2.690290689468384
Batch 540, loss = 2.8125295639038086
Batch 550, loss = 2.954571008682251
Batch 560, loss = 2.581803798675537
Batch 570, loss = 3.047023296356201
Batch 580, loss = 2.636728525161743
Batch 590, loss = 3.058051824569702
Batch 600, loss = 3.24623966217041
Batch 610, loss = 2.849350929260254
Batch 620, loss = 3.0527701377868652
Batch 630, loss = 2.881439447402954
Batch 640, loss = 2.939974308013916
Batch 650, loss = 2.6601996421813965
Batch 660, loss = 2.7842977046966553
Batch 670, loss = 2.706162452697754
Batch 680, loss = 3.0707504749298096
Batch 690, loss = 2.990476131439209
Batch 700, loss = 2.786174774169922
Batch 710, loss = 2.4627492427825928
Batch 720, loss = 3.0184788703918457
Batch 730, loss = 2.6867332458496094
Batch 740, loss = 2.938403844833374
Batch 750, loss = 2.793440341949463
Batch 760, loss = 3.1592438220977783
Batch 770, loss = 2.861800193786621
Batch 780, loss = 2.93662428855896
Batch 790, loss = 2.640054225921631
Batch 800, loss = 2.6736905574798584
Batch 810, loss = 2.7869017124176025
Batch 820, loss = 2.6218461990356445
Batch 830, loss = 2.8951263427734375
Batch 840, loss = 2.92647647857666
Batch 850, loss = 3.0404272079467773
Batch 860, loss = 2.828294277191162
Batch 870, loss = 2.773211717605591
Batch 880, loss = 2.709744453430176
Batch 890, loss = 3.1128334999084473
Start genre training
Batch 10, loss = 1.978224515914917
Batch 20, loss = 1.8534616231918335
Batch 30, loss = 1.8034337759017944
Batch 40, loss = 1.9558875560760498
Batch 50, loss = 1.9715927839279175
Batch 60, loss = 1.870439887046814
Batch 70, loss = 1.7210122346878052
Batch 80, loss = 1.8625186681747437
Batch 90, loss = 1.9885753393173218
Batch 100, loss = 1.9964783191680908
Batch 110, loss = 1.8206063508987427
Batch 120, loss = 1.911985993385315
Batch 130, loss = 2.041949987411499
Batch 140, loss = 1.9161419868469238
Batch 150, loss = 2.0474071502685547
Batch 160, loss = 1.7230470180511475
Batch 170, loss = 1.8533705472946167
Batch 180, loss = 1.7727789878845215
Batch 190, loss = 1.9678595066070557
Batch 200, loss = 1.6395235061645508
Batch 210, loss = 1.7425153255462646
Batch 220, loss = 1.9507559537887573
Batch 230, loss = 1.7839089632034302
Batch 240, loss = 1.950368046760559
Batch 250, loss = 1.6736135482788086
Batch 260, loss = 1.8487693071365356
Batch 270, loss = 1.780470609664917
Batch 280, loss = 1.822463035583496
Batch 290, loss = 1.810489535331726
Batch 300, loss = 1.8575822114944458
Batch 310, loss = 1.8549567461013794
Batch 320, loss = 1.8313333988189697
Batch 330, loss = 1.8948134183883667
Batch 340, loss = 2.0735816955566406
Batch 350, loss = 1.7541289329528809
Batch 360, loss = 1.8199489116668701
Batch 370, loss = 2.0684568881988525
Batch 380, loss = 2.1056911945343018
Batch 390, loss = 1.874132752418518
Batch 400, loss = 1.8106358051300049
Batch 410, loss = 1.8732218742370605
Batch 420, loss = 1.7786363363265991
Batch 430, loss = 2.148434638977051
Batch 440, loss = 1.968801736831665
Batch 450, loss = 1.9097483158111572
Batch 460, loss = 1.7921956777572632
Batch 470, loss = 1.9527473449707031
Batch 480, loss = 2.059054136276245
Batch 490, loss = 1.8149858713150024
Batch 500, loss = 1.843306064605713
Batch 510, loss = 1.8494905233383179
Batch 520, loss = 1.6260178089141846
Batch 530, loss = 2.183561325073242
Batch 540, loss = 1.83316969871521
Batch 550, loss = 2.0833683013916016
Batch 560, loss = 1.6995488405227661
Batch 570, loss = 2.2074625492095947
Batch 580, loss = 1.7287238836288452
Batch 590, loss = 1.7709205150604248
Batch 600, loss = 1.8650935888290405
Batch 610, loss = 1.7618757486343384
Batch 620, loss = 1.5194966793060303
Batch 630, loss = 2.02506160736084
Batch 640, loss = 1.9331471920013428
Batch 650, loss = 2.0083494186401367
Batch 660, loss = 1.7930982112884521
Batch 670, loss = 1.8333419561386108
Batch 680, loss = 1.8811278343200684
Batch 690, loss = 1.8471028804779053
Batch 700, loss = 1.7547883987426758
Batch 710, loss = 1.9340096712112427
Start artist training
Batch 10, loss = 3.0397746562957764
Batch 20, loss = 2.837056875228882
Batch 30, loss = 2.9219002723693848
Batch 40, loss = 2.900334119796753
Batch 50, loss = 3.028494119644165
Batch 60, loss = 2.7922868728637695
Batch 70, loss = 2.7306711673736572
Batch 80, loss = 2.759262800216675
Batch 90, loss = 2.8729798793792725
Batch 100, loss = 2.7728817462921143
Batch 110, loss = 2.756434917449951
Batch 120, loss = 2.7946577072143555
Batch 130, loss = 2.8746731281280518
Batch 140, loss = 2.7607882022857666
Batch 150, loss = 2.8417954444885254
Batch 160, loss = 2.7102646827697754
Batch 170, loss = 2.6467769145965576
Batch 180, loss = 2.7591729164123535
Batch 190, loss = 2.5770606994628906
Batch 200, loss = 2.7758214473724365
Start epoch 5
Start style training
Batch 10, loss = 2.7569782733917236
Batch 20, loss = 3.02363920211792
Batch 30, loss = 2.8558349609375
Batch 40, loss = 2.922355890274048
Batch 50, loss = 3.6649155616760254
Batch 60, loss = 2.6725428104400635
Batch 70, loss = 2.9196391105651855
Batch 80, loss = 2.9344871044158936
Batch 90, loss = 2.555950403213501
Batch 100, loss = 3.2246620655059814
Batch 110, loss = 2.9415817260742188
Batch 120, loss = 2.516667604446411
Batch 130, loss = 3.181523084640503
Batch 140, loss = 2.7457504272460938
Batch 150, loss = 2.67960262298584
Batch 160, loss = 2.548400402069092
Batch 170, loss = 2.8012406826019287
Batch 180, loss = 2.8974947929382324
Batch 190, loss = 2.903550624847412
Batch 200, loss = 2.7927730083465576
Batch 210, loss = 2.869370222091675
Batch 220, loss = 2.8953630924224854
Batch 230, loss = 3.133568048477173
Batch 240, loss = 2.8729662895202637
Batch 250, loss = 2.6599814891815186
Batch 260, loss = 2.8959908485412598
Batch 270, loss = 2.6426632404327393
Batch 280, loss = 2.634632110595703
Batch 290, loss = 3.0335991382598877
Batch 300, loss = 2.783891439437866
Batch 310, loss = 2.86948299407959
Batch 320, loss = 3.079711437225342
Batch 330, loss = 2.6982076168060303
Batch 340, loss = 2.8835198879241943
Batch 350, loss = 2.588991165161133
Batch 360, loss = 3.1801397800445557
Batch 370, loss = 2.6334073543548584
Batch 380, loss = 2.7619194984436035
Batch 390, loss = 2.8199610710144043
Batch 400, loss = 2.7920186519622803
Batch 410, loss = 2.755234479904175
Batch 420, loss = 2.921072006225586
Batch 430, loss = 2.8297367095947266
Batch 440, loss = 2.776611804962158
Batch 450, loss = 2.900360584259033
Batch 460, loss = 2.7214479446411133
Batch 470, loss = 2.7270302772521973
Batch 480, loss = 3.167550563812256
Batch 490, loss = 3.047487497329712
Batch 500, loss = 2.8060336112976074
Batch 510, loss = 3.031956672668457
Batch 520, loss = 2.9824626445770264
Batch 530, loss = 2.8886821269989014
Batch 540, loss = 2.9524476528167725
Batch 550, loss = 2.751509428024292
Batch 560, loss = 2.9410974979400635
Batch 570, loss = 2.597062110900879
Batch 580, loss = 2.870227813720703
Batch 590, loss = 2.9895904064178467
Batch 600, loss = 2.7153983116149902
Batch 610, loss = 2.7743163108825684
Batch 620, loss = 2.6917052268981934
Batch 630, loss = 3.1954493522644043
Batch 640, loss = 2.921367645263672
Batch 650, loss = 2.99051833152771
Batch 660, loss = 2.7288031578063965
Batch 670, loss = 2.8662874698638916
Batch 680, loss = 2.8127431869506836
Batch 690, loss = 2.711838483810425
Batch 700, loss = 3.0405795574188232
Batch 710, loss = 2.723646640777588
Batch 720, loss = 2.513946294784546
Batch 730, loss = 2.5952398777008057
Batch 740, loss = 2.554718494415283
Batch 750, loss = 2.4574060440063477
Batch 760, loss = 3.0294547080993652
Batch 770, loss = 2.941998243331909
Batch 780, loss = 2.675769329071045
Batch 790, loss = 2.7159345149993896
Batch 800, loss = 3.0791969299316406
Batch 810, loss = 2.8302435874938965
Batch 820, loss = 2.8150713443756104
Batch 830, loss = 2.962261438369751
Batch 840, loss = 2.758330821990967
Batch 850, loss = 2.695800542831421
Batch 860, loss = 2.566075325012207
Batch 870, loss = 2.7401185035705566
Batch 880, loss = 2.8812901973724365
Batch 890, loss = 3.364367723464966
Start genre training
Batch 10, loss = 1.9183752536773682
Batch 20, loss = 1.9165070056915283
Batch 30, loss = 1.852683663368225
Batch 40, loss = 1.9067856073379517
Batch 50, loss = 1.8608167171478271
Batch 60, loss = 1.9904747009277344
Batch 70, loss = 1.698480486869812
Batch 80, loss = 2.0325124263763428
Batch 90, loss = 1.818961501121521
Batch 100, loss = 1.7667979001998901
Batch 110, loss = 1.8392810821533203
Batch 120, loss = 1.851652979850769
Batch 130, loss = 1.670575737953186
Batch 140, loss = 1.9531710147857666
Batch 150, loss = 1.7952078580856323
Batch 160, loss = 1.6469496488571167
Batch 170, loss = 1.7340465784072876
Batch 180, loss = 2.0032334327697754
Batch 190, loss = 1.8218038082122803
Batch 200, loss = 1.860184907913208
Batch 210, loss = 1.859291672706604
Batch 220, loss = 1.8464370965957642
Batch 230, loss = 1.8725842237472534
Batch 240, loss = 2.0071029663085938
Batch 250, loss = 1.9833602905273438
Batch 260, loss = 1.8257557153701782
Batch 270, loss = 1.7339948415756226
Batch 280, loss = 1.7408185005187988
Batch 290, loss = 1.9498296976089478
Batch 300, loss = 1.896028995513916
Batch 310, loss = 1.7960528135299683
Batch 320, loss = 1.89364492893219
Batch 330, loss = 1.8056457042694092
Batch 340, loss = 1.9653375148773193
Batch 350, loss = 1.8530460596084595
Batch 360, loss = 1.8960847854614258
Batch 370, loss = 1.709181547164917
Batch 380, loss = 1.865349292755127
Batch 390, loss = 2.0188374519348145
Batch 400, loss = 1.8325755596160889
Batch 410, loss = 1.8438940048217773
Batch 420, loss = 1.526786208152771
Batch 430, loss = 1.6546000242233276
Batch 440, loss = 1.836865782737732
Batch 450, loss = 1.6789288520812988
Batch 460, loss = 1.801011085510254
Batch 470, loss = 1.6985036134719849
Batch 480, loss = 1.6762306690216064
Batch 490, loss = 1.8031965494155884
Batch 500, loss = 1.8392494916915894
Batch 510, loss = 1.8067123889923096
Batch 520, loss = 1.6042208671569824
Batch 530, loss = 1.7678585052490234
Batch 540, loss = 1.8438698053359985
Batch 550, loss = 1.5547540187835693
Batch 560, loss = 2.038233995437622
Batch 570, loss = 1.643265962600708
Batch 580, loss = 1.5556347370147705
Batch 590, loss = 1.764359474182129
Batch 600, loss = 1.7113555669784546
Batch 610, loss = 1.8043625354766846
Batch 620, loss = 1.6976596117019653
Batch 630, loss = 1.7905470132827759
Batch 640, loss = 2.007561206817627
Batch 650, loss = 1.8417294025421143
Batch 660, loss = 1.784877896308899
Batch 670, loss = 1.8960241079330444
Batch 680, loss = 1.9140375852584839
Batch 690, loss = 1.8518644571304321
Batch 700, loss = 1.9654886722564697
Batch 710, loss = 1.7772433757781982
Start artist training
Batch 10, loss = 2.684823989868164
Batch 20, loss = 2.674304246902466
Batch 30, loss = 2.7656404972076416
Batch 40, loss = 2.8055336475372314
Batch 50, loss = 2.791890859603882
Batch 60, loss = 2.66996693611145
Batch 70, loss = 2.759432554244995
Batch 80, loss = 2.6875650882720947
Batch 90, loss = 2.6481850147247314
Batch 100, loss = 2.726306438446045
Batch 110, loss = 2.807220220565796
Batch 120, loss = 2.6042449474334717
Batch 130, loss = 2.6520111560821533
Batch 140, loss = 2.4319489002227783
Batch 150, loss = 2.8177330493927
Batch 160, loss = 2.7927820682525635
Batch 170, loss = 2.765301465988159
Batch 180, loss = 2.619997501373291
Batch 190, loss = 2.6152565479278564
Batch 200, loss = 2.7317752838134766
Start epoch 6
Start style training
Batch 10, loss = 2.596123456954956
Batch 20, loss = 2.4997751712799072
Batch 30, loss = 2.9927711486816406
Batch 40, loss = 2.599630117416382
Batch 50, loss = 2.808232545852661
Batch 60, loss = 2.8237862586975098
Batch 70, loss = 2.5958974361419678
Batch 80, loss = 2.559640407562256
Batch 90, loss = 2.748718738555908
Batch 100, loss = 2.7656469345092773
Batch 110, loss = 2.8018851280212402
Batch 120, loss = 2.964541435241699
Batch 130, loss = 2.669726610183716
Batch 140, loss = 2.7340314388275146
Batch 150, loss = 3.0219104290008545
Batch 160, loss = 2.508366584777832
Batch 170, loss = 3.2129733562469482
Batch 180, loss = 2.616356134414673
Batch 190, loss = 2.904728412628174
Batch 200, loss = 2.453641414642334
Batch 210, loss = 2.74920654296875
Batch 220, loss = 2.667628765106201
Batch 230, loss = 2.6657886505126953
Batch 240, loss = 2.905378818511963
Batch 250, loss = 2.887737274169922
Batch 260, loss = 3.1165006160736084
Batch 270, loss = 2.871436834335327
Batch 280, loss = 2.5737884044647217
Batch 290, loss = 2.820035457611084
Batch 300, loss = 2.6183407306671143
Batch 310, loss = 2.5665056705474854
Batch 320, loss = 2.886819839477539
Batch 330, loss = 2.956510543823242
Batch 340, loss = 2.8709428310394287
Batch 350, loss = 2.5385591983795166
Batch 360, loss = 2.6628541946411133
Batch 370, loss = 2.9088945388793945
Batch 380, loss = 2.8397483825683594
Batch 390, loss = 2.7009828090667725
Batch 400, loss = 2.561828851699829
Batch 410, loss = 2.766218900680542
Batch 420, loss = 2.380856990814209
Batch 430, loss = 2.5738320350646973
Batch 440, loss = 2.564145803451538
Batch 450, loss = 2.778424024581909
Batch 460, loss = 2.713508367538452
Batch 470, loss = 2.8740854263305664
Batch 480, loss = 2.825411319732666
Batch 490, loss = 2.608551502227783
Batch 500, loss = 2.5618464946746826
Batch 510, loss = 2.792214870452881
Batch 520, loss = 2.7591612339019775
Batch 530, loss = 2.673419713973999
Batch 540, loss = 2.784853458404541
Batch 550, loss = 2.770918369293213
Batch 560, loss = 2.5195274353027344
Batch 570, loss = 2.7064664363861084
Batch 580, loss = 2.974628448486328
Batch 590, loss = 2.756979465484619
Batch 600, loss = 3.069005012512207
Batch 610, loss = 2.709319591522217
Batch 620, loss = 3.0837905406951904
Batch 630, loss = 2.3410863876342773
Batch 640, loss = 2.6302216053009033
Batch 650, loss = 2.7268824577331543
Batch 660, loss = 2.4290106296539307
Batch 670, loss = 2.796252727508545
Batch 680, loss = 2.7928366661071777
Batch 690, loss = 2.589029550552368
Batch 700, loss = 2.617537021636963
Batch 710, loss = 2.8953912258148193
Batch 720, loss = 2.812044620513916
Batch 730, loss = 2.908435106277466
Batch 740, loss = 2.801851987838745
Batch 750, loss = 2.535938262939453
Batch 760, loss = 2.643331289291382
Batch 770, loss = 2.6508913040161133
Batch 780, loss = 2.6988937854766846
Batch 790, loss = 2.6494970321655273
Batch 800, loss = 2.722395181655884
Batch 810, loss = 2.8750205039978027
Batch 820, loss = 2.994037628173828
Batch 830, loss = 2.5773282051086426
Batch 840, loss = 2.452907085418701
Batch 850, loss = 2.8730759620666504
Batch 860, loss = 2.9321751594543457
Batch 870, loss = 3.0874617099761963
Batch 880, loss = 2.2808051109313965
Batch 890, loss = 2.7725627422332764
Start genre training
Batch 10, loss = 1.8236567974090576
Batch 20, loss = 1.9053709506988525
Batch 30, loss = 1.928035020828247
Batch 40, loss = 1.8875690698623657
Batch 50, loss = 1.8646152019500732
Batch 60, loss = 1.5416085720062256
Batch 70, loss = 1.5500868558883667
Batch 80, loss = 1.8959994316101074
Batch 90, loss = 1.7847707271575928
Batch 100, loss = 1.8638325929641724
Batch 110, loss = 2.103834390640259
Batch 120, loss = 1.8665568828582764
Batch 130, loss = 1.6586495637893677
Batch 140, loss = 1.4083428382873535
Batch 150, loss = 1.71198308467865
Batch 160, loss = 1.7850936651229858
Batch 170, loss = 1.5487301349639893
Batch 180, loss = 1.9492847919464111
Batch 190, loss = 2.0259296894073486
Batch 200, loss = 1.754225254058838
Batch 210, loss = 1.4824076890945435
Batch 220, loss = 1.7488563060760498
Batch 230, loss = 2.0821480751037598
Batch 240, loss = 1.5543212890625
Batch 250, loss = 1.8067069053649902
Batch 260, loss = 1.7872062921524048
Batch 270, loss = 1.478861689567566
Batch 280, loss = 1.6060245037078857
Batch 290, loss = 1.7337945699691772
Batch 300, loss = 1.698703408241272
Batch 310, loss = 1.7983615398406982
Batch 320, loss = 1.640661597251892
Batch 330, loss = 1.9275082349777222
Batch 340, loss = 1.9011403322219849
Batch 350, loss = 1.970132827758789
Batch 360, loss = 1.834280014038086
Batch 370, loss = 1.769384741783142
Batch 380, loss = 1.7337995767593384
Batch 390, loss = 1.675084114074707
Batch 400, loss = 1.897485375404358
Batch 410, loss = 1.7100012302398682
Batch 420, loss = 1.6251367330551147
Batch 430, loss = 1.5553665161132812
Batch 440, loss = 1.9391453266143799
Batch 450, loss = 1.5387734174728394
Batch 460, loss = 1.7294816970825195
Batch 470, loss = 1.7722400426864624
Batch 480, loss = 1.6400680541992188
Batch 490, loss = 1.6432195901870728
Batch 500, loss = 1.739871859550476
Batch 510, loss = 1.7050129175186157
Batch 520, loss = 1.7510305643081665
Batch 530, loss = 1.6923670768737793
Batch 540, loss = 1.6883306503295898
Batch 550, loss = 1.7093461751937866
Batch 560, loss = 1.8519415855407715
Batch 570, loss = 2.1870999336242676
Batch 580, loss = 1.8609718084335327
Batch 590, loss = 1.8400747776031494
Batch 600, loss = 1.8423680067062378
Batch 610, loss = 1.857259750366211
Batch 620, loss = 1.6367038488388062
Batch 630, loss = 1.7479432821273804
Batch 640, loss = 1.7417409420013428
Batch 650, loss = 1.6469918489456177
Batch 660, loss = 1.9048349857330322
Batch 670, loss = 1.810858964920044
Batch 680, loss = 1.5645850896835327
Batch 690, loss = 1.6610928773880005
Batch 700, loss = 1.6120712757110596
Batch 710, loss = 1.6566259860992432
Start artist training
Batch 10, loss = 2.8388192653656006
Batch 20, loss = 2.7359743118286133
Batch 30, loss = 2.7938992977142334
Batch 40, loss = 2.5691874027252197
Batch 50, loss = 2.559128999710083
Batch 60, loss = 2.7822022438049316
Batch 70, loss = 2.7731809616088867
Batch 80, loss = 2.7059874534606934
Batch 90, loss = 2.5967578887939453
Batch 100, loss = 2.70584774017334
Batch 110, loss = 2.4925124645233154
Batch 120, loss = 2.6208395957946777
Batch 130, loss = 2.677696943283081
Batch 140, loss = 2.466939926147461
Batch 150, loss = 2.4887609481811523
Batch 160, loss = 2.5800724029541016
Batch 170, loss = 2.670224666595459
Batch 180, loss = 2.6516242027282715
Batch 190, loss = 2.4820125102996826
Batch 200, loss = 2.751887559890747
Start epoch 7
Start style training
Batch 10, loss = 2.7842066287994385
Batch 20, loss = 2.6316168308258057
Batch 30, loss = 2.92604398727417
Batch 40, loss = 2.7631022930145264
Batch 50, loss = 2.676342725753784
Batch 60, loss = 2.7027480602264404
Batch 70, loss = 2.8775486946105957
Batch 80, loss = 2.6619045734405518
Batch 90, loss = 2.286773204803467
Batch 100, loss = 2.6174533367156982
Batch 110, loss = 2.8707475662231445
Batch 120, loss = 2.405975580215454
Batch 130, loss = 2.721118450164795
Batch 140, loss = 2.5927698612213135
Batch 150, loss = 2.5902929306030273
Batch 160, loss = 3.0602121353149414
Batch 170, loss = 2.827915906906128
Batch 180, loss = 2.5784945487976074
Batch 190, loss = 3.2221713066101074
Batch 200, loss = 2.9118778705596924
Batch 210, loss = 2.510862350463867
Batch 220, loss = 2.9253783226013184
Batch 230, loss = 2.6338744163513184
Batch 240, loss = 2.6665327548980713
Batch 250, loss = 2.647550344467163
Batch 260, loss = 2.595808267593384
Batch 270, loss = 3.0030367374420166
Batch 280, loss = 2.921243190765381
Batch 290, loss = 2.4518144130706787
Batch 300, loss = 2.5653960704803467
Batch 310, loss = 2.959516763687134
Batch 320, loss = 2.584482192993164
Batch 330, loss = 2.532994508743286
Batch 340, loss = 2.6525847911834717
Batch 350, loss = 2.4873058795928955
Batch 360, loss = 2.6551408767700195
Batch 370, loss = 2.9845852851867676
Batch 380, loss = 2.325756072998047
Batch 390, loss = 2.774841547012329
Batch 400, loss = 2.4854652881622314
Batch 410, loss = 2.487947702407837
Batch 420, loss = 3.1124608516693115
Batch 430, loss = 2.769038438796997
Batch 440, loss = 2.7524211406707764
Batch 450, loss = 2.7538154125213623
Batch 460, loss = 2.556626796722412
Batch 470, loss = 2.703920364379883
Batch 480, loss = 2.7005412578582764
Batch 490, loss = 2.6640403270721436
Batch 500, loss = 2.847785472869873
Batch 510, loss = 2.5646984577178955
Batch 520, loss = 2.563135862350464
Batch 530, loss = 2.784083127975464
Batch 540, loss = 2.6962053775787354
Batch 550, loss = 2.6356797218322754
Batch 560, loss = 2.6725056171417236
Batch 570, loss = 2.7272849082946777
Batch 580, loss = 2.5374841690063477
Batch 590, loss = 2.64411997795105
Batch 600, loss = 2.7455809116363525
Batch 610, loss = 2.74922776222229
Batch 620, loss = 2.731870412826538
Batch 630, loss = 2.5679149627685547
Batch 640, loss = 2.7356443405151367
Batch 650, loss = 2.5958633422851562
Batch 660, loss = 2.4361495971679688
Batch 670, loss = 2.5640368461608887
Batch 680, loss = 2.790987253189087
Batch 690, loss = 2.481571674346924
Batch 700, loss = 2.5727734565734863
Batch 710, loss = 2.514909029006958
Batch 720, loss = 2.6330182552337646
Batch 730, loss = 2.4313316345214844
Batch 740, loss = 2.5914146900177
Batch 750, loss = 2.7027153968811035
Batch 760, loss = 2.610304355621338
Batch 770, loss = 2.473602056503296
Batch 780, loss = 2.4613523483276367
Batch 790, loss = 2.76867413520813
Batch 800, loss = 2.5549376010894775
Batch 810, loss = 2.8404715061187744
Batch 820, loss = 2.3645026683807373
Batch 830, loss = 2.55903959274292
Batch 840, loss = 2.985628604888916
Batch 850, loss = 2.4806594848632812
Batch 860, loss = 2.860873222351074
Batch 870, loss = 2.4651708602905273
Batch 880, loss = 2.764065742492676
Batch 890, loss = 2.684460401535034
Start genre training
Batch 10, loss = 1.8258445262908936
Batch 20, loss = 1.7971758842468262
Batch 30, loss = 1.7225959300994873
Batch 40, loss = 1.8071304559707642
Batch 50, loss = 1.6505088806152344
Batch 60, loss = 1.6589492559432983
Batch 70, loss = 1.7824876308441162
Batch 80, loss = 1.8117029666900635
Batch 90, loss = 1.9720064401626587
Batch 100, loss = 1.6977022886276245
Batch 110, loss = 1.4480116367340088
Batch 120, loss = 1.8132928609848022
Batch 130, loss = 1.5249131917953491
Batch 140, loss = 1.9700292348861694
Batch 150, loss = 1.7312854528427124
Batch 160, loss = 1.742661476135254
Batch 170, loss = 1.8101425170898438
Batch 180, loss = 1.9458727836608887
Batch 190, loss = 1.7677751779556274
Batch 200, loss = 1.8181216716766357
Batch 210, loss = 1.5238863229751587
Batch 220, loss = 1.949658989906311
Batch 230, loss = 1.6716945171356201
Batch 240, loss = 1.5545473098754883
Batch 250, loss = 1.676194667816162
Batch 260, loss = 1.9484583139419556
Batch 270, loss = 1.5845404863357544
Batch 280, loss = 1.8393950462341309
Batch 290, loss = 1.5784603357315063
Batch 300, loss = 1.7297472953796387
Batch 310, loss = 1.5908554792404175
Batch 320, loss = 1.4997267723083496
Batch 330, loss = 1.7026324272155762
Batch 340, loss = 1.9254666566848755
Batch 350, loss = 1.705714464187622
Batch 360, loss = 1.5407524108886719
Batch 370, loss = 1.7304366827011108
Batch 380, loss = 1.8427809476852417
Batch 390, loss = 1.6797043085098267
Batch 400, loss = 1.8750203847885132
Batch 410, loss = 1.767978549003601
Batch 420, loss = 1.7309660911560059
Batch 430, loss = 1.654132604598999
Batch 440, loss = 1.884588360786438
Batch 450, loss = 1.7238564491271973
Batch 460, loss = 1.738293170928955
Batch 470, loss = 1.2946316003799438
Batch 480, loss = 1.7136049270629883
Batch 490, loss = 1.9039181470870972
Batch 500, loss = 1.6929363012313843
Batch 510, loss = 1.767507553100586
Batch 520, loss = 1.4196439981460571
Batch 530, loss = 1.8591606616973877
Batch 540, loss = 1.767559289932251
Batch 550, loss = 1.7553383111953735
Batch 560, loss = 1.6660783290863037
Batch 570, loss = 1.6188217401504517
Batch 580, loss = 1.6762892007827759
Batch 590, loss = 1.934743881225586
Batch 600, loss = 1.8913609981536865
Batch 610, loss = 1.7753551006317139
Batch 620, loss = 1.706984281539917
Batch 630, loss = 1.8455325365066528
Batch 640, loss = 1.5639797449111938
Batch 650, loss = 1.8999005556106567
Batch 660, loss = 1.5595217943191528
Batch 670, loss = 1.6451503038406372
Batch 680, loss = 1.7846195697784424
Batch 690, loss = 1.649322748184204
Batch 700, loss = 1.6940956115722656
Batch 710, loss = 1.824127435684204
Start artist training
Batch 10, loss = 2.4361791610717773
Batch 20, loss = 2.626145839691162
Batch 30, loss = 2.756800889968872
Batch 40, loss = 2.6895322799682617
Batch 50, loss = 2.7418267726898193
Batch 60, loss = 2.633074998855591
Batch 70, loss = 2.5893540382385254
Batch 80, loss = 2.6108765602111816
Batch 90, loss = 2.6225180625915527
Batch 100, loss = 2.481996774673462
Batch 110, loss = 2.4827418327331543
Batch 120, loss = 2.540327787399292
Batch 130, loss = 2.6608381271362305
Batch 140, loss = 2.4488887786865234
Batch 150, loss = 2.425825834274292
Batch 160, loss = 2.470961809158325
Batch 170, loss = 2.399229049682617
Batch 180, loss = 2.625140428543091
Batch 190, loss = 2.4689650535583496
Batch 200, loss = 2.5909626483917236
Start epoch 8
Start style training
Batch 10, loss = 2.5790443420410156
Batch 20, loss = 2.6087119579315186
Batch 30, loss = 2.927712917327881
Batch 40, loss = 2.928431272506714
Batch 50, loss = 2.5550405979156494
Batch 60, loss = 2.634978771209717
Batch 70, loss = 2.682955026626587
Batch 80, loss = 3.1094605922698975
Batch 90, loss = 2.501620292663574
Batch 100, loss = 2.787604331970215
Batch 110, loss = 2.672234058380127
Batch 120, loss = 2.8642923831939697
Batch 130, loss = 2.939786195755005
Batch 140, loss = 2.612062692642212
Batch 150, loss = 2.458664894104004
Batch 160, loss = 2.4968862533569336
Batch 170, loss = 2.576176404953003
Batch 180, loss = 2.84769868850708
Batch 190, loss = 2.659644603729248
Batch 200, loss = 2.633111000061035
Batch 210, loss = 2.592261791229248
Batch 220, loss = 2.598787307739258
Batch 230, loss = 2.500391721725464
Batch 240, loss = 2.7256641387939453
Batch 250, loss = 2.505708932876587
Batch 260, loss = 2.600166082382202
Batch 270, loss = 2.6607022285461426
Batch 280, loss = 2.8079445362091064
Batch 290, loss = 2.691433906555176
Batch 300, loss = 2.7864553928375244
Batch 310, loss = 2.3788070678710938
Batch 320, loss = 2.3152427673339844
Batch 330, loss = 2.411059617996216
Batch 340, loss = 2.9702372550964355
Batch 350, loss = 2.4145824909210205
Batch 360, loss = 2.762312889099121
Batch 370, loss = 2.515944004058838
Batch 380, loss = 2.659557342529297
Batch 390, loss = 2.722059965133667
Batch 400, loss = 2.595249652862549
Batch 410, loss = 2.7002389430999756
Batch 420, loss = 2.8021652698516846
Batch 430, loss = 2.512387752532959
Batch 440, loss = 2.642338275909424
Batch 450, loss = 2.956808567047119
Batch 460, loss = 2.5727028846740723
Batch 470, loss = 2.8907201290130615
Batch 480, loss = 2.122105360031128
Batch 490, loss = 3.1574056148529053
Batch 500, loss = 2.35782790184021
Batch 510, loss = 2.75712251663208
Batch 520, loss = 2.5368716716766357
Batch 530, loss = 2.84149169921875
Batch 540, loss = 2.9871573448181152
Batch 550, loss = 2.540318012237549
Batch 560, loss = 2.3848659992218018
Batch 570, loss = 2.831460952758789
Batch 580, loss = 2.655890464782715
Batch 590, loss = 2.643890857696533
Batch 600, loss = 2.706103801727295
Batch 610, loss = 2.509946584701538
Batch 620, loss = 2.5035548210144043
Batch 630, loss = 2.4533843994140625
Batch 640, loss = 2.309999942779541
Batch 650, loss = 2.6498196125030518
Batch 660, loss = 2.6038691997528076
Batch 670, loss = 2.603470802307129
Batch 680, loss = 2.6027419567108154
Batch 690, loss = 2.4510602951049805
Batch 700, loss = 2.676424264907837
Batch 710, loss = 2.543027400970459
Batch 720, loss = 2.6168978214263916
Batch 730, loss = 2.4390573501586914
Batch 740, loss = 2.6486470699310303
Batch 750, loss = 2.7359488010406494
Batch 760, loss = 2.694319009780884
Batch 770, loss = 2.571450710296631
Batch 780, loss = 2.8005566596984863
Batch 790, loss = 2.569526433944702
Batch 800, loss = 2.904188632965088
Batch 810, loss = 2.6050381660461426
Batch 820, loss = 2.5002214908599854
Batch 830, loss = 2.7254912853240967
Batch 840, loss = 3.003178358078003
Batch 850, loss = 2.6377322673797607
Batch 860, loss = 2.4884254932403564
Batch 870, loss = 2.774972677230835
Batch 880, loss = 2.2845921516418457
Batch 890, loss = 2.334071636199951
Start genre training
Batch 10, loss = 1.9366207122802734
Batch 20, loss = 1.7566635608673096
Batch 30, loss = 1.6641825437545776
Batch 40, loss = 1.8608101606369019
Batch 50, loss = 1.4758694171905518
Batch 60, loss = 1.5773866176605225
Batch 70, loss = 1.32157301902771
Batch 80, loss = 1.7383774518966675
Batch 90, loss = 1.4833697080612183
Batch 100, loss = 1.5914814472198486
Batch 110, loss = 1.7321009635925293
Batch 120, loss = 1.7947300672531128
Batch 130, loss = 1.5082926750183105
Batch 140, loss = 1.7587171792984009
Batch 150, loss = 1.6584365367889404
Batch 160, loss = 1.62278413772583
Batch 170, loss = 1.7845677137374878
Batch 180, loss = 1.7549036741256714
Batch 190, loss = 2.16715669631958
Batch 200, loss = 1.6871265172958374
Batch 210, loss = 1.638427495956421
Batch 220, loss = 1.5190850496292114
Batch 230, loss = 1.9441025257110596
Batch 240, loss = 1.6884362697601318
Batch 250, loss = 1.5438010692596436
Batch 260, loss = 1.9426838159561157
Batch 270, loss = 1.7763222455978394
Batch 280, loss = 1.8222097158432007
Batch 290, loss = 1.45064115524292
Batch 300, loss = 1.6731727123260498
Batch 310, loss = 1.6830719709396362
Batch 320, loss = 1.9714040756225586
Batch 330, loss = 1.7402348518371582
Batch 340, loss = 1.73102605342865
Batch 350, loss = 1.9813553094863892
Batch 360, loss = 1.663716197013855
Batch 370, loss = 1.6062498092651367
Batch 380, loss = 1.6296167373657227
Batch 390, loss = 1.510387897491455
Batch 400, loss = 1.5389400720596313
Batch 410, loss = 1.6591805219650269
Batch 420, loss = 1.5189268589019775
Batch 430, loss = 1.620410680770874
Batch 440, loss = 1.663124918937683
Batch 450, loss = 1.7279835939407349
Batch 460, loss = 1.795627236366272
Batch 470, loss = 1.501975655555725
Batch 480, loss = 1.5705610513687134
Batch 490, loss = 1.6444650888442993
Batch 500, loss = 1.5962843894958496
Batch 510, loss = 1.7746564149856567
Batch 520, loss = 1.6021467447280884
Batch 530, loss = 1.7396363019943237
Batch 540, loss = 1.5847983360290527
Batch 550, loss = 1.581351399421692
Batch 560, loss = 1.8591593503952026
Batch 570, loss = 1.7285637855529785
Batch 580, loss = 1.7074239253997803
Batch 590, loss = 1.810628056526184
Batch 600, loss = 1.8192209005355835
Batch 610, loss = 1.6500396728515625
Batch 620, loss = 1.7138670682907104
Batch 630, loss = 1.7594486474990845
Batch 640, loss = 1.6860893964767456
Batch 650, loss = 1.6139400005340576
Batch 660, loss = 1.5114105939865112
Batch 670, loss = 1.9483091831207275
Batch 680, loss = 1.6707946062088013
Batch 690, loss = 1.8236891031265259
Batch 700, loss = 1.481076955795288
Batch 710, loss = 1.7432265281677246
Start artist training
Batch 10, loss = 2.5452394485473633
Batch 20, loss = 2.7005112171173096
Batch 30, loss = 2.836496114730835
Batch 40, loss = 2.4270923137664795
Batch 50, loss = 2.4375741481781006
Batch 60, loss = 2.5566365718841553
Batch 70, loss = 2.426342010498047
Batch 80, loss = 2.5063247680664062
Batch 90, loss = 2.4485037326812744
Batch 100, loss = 2.2605254650115967
Batch 110, loss = 2.8292579650878906
Batch 120, loss = 2.4309303760528564
Batch 130, loss = 2.4676783084869385
Batch 140, loss = 2.564088821411133
Batch 150, loss = 2.4443225860595703
Batch 160, loss = 2.5406334400177
Batch 170, loss = 2.463334560394287
Batch 180, loss = 2.647193670272827
Batch 190, loss = 2.4843122959136963
Batch 200, loss = 2.368004322052002
Start epoch 9
Start style training
Batch 10, loss = 2.60365629196167
Batch 20, loss = 2.548874616622925
Batch 30, loss = 2.675933599472046
Batch 40, loss = 2.7042064666748047
Batch 50, loss = 2.5578033924102783
Batch 60, loss = 2.729572296142578
Batch 70, loss = 2.4122464656829834
Batch 80, loss = 2.484801769256592
Batch 90, loss = 2.8013663291931152
Batch 100, loss = 2.2856903076171875
Batch 110, loss = 2.4050180912017822
Batch 120, loss = 2.4828577041625977
Batch 130, loss = 2.7340087890625
Batch 140, loss = 2.7428438663482666
Batch 150, loss = 2.922698974609375
Batch 160, loss = 3.201585531234741
Batch 170, loss = 2.859729766845703
Batch 180, loss = 2.7325141429901123
Batch 190, loss = 2.547246217727661
Batch 200, loss = 2.9618892669677734
Batch 210, loss = 2.675098180770874
Batch 220, loss = 2.710360050201416
Batch 230, loss = 2.744389533996582
Batch 240, loss = 2.532247304916382
Batch 250, loss = 2.828578472137451
Batch 260, loss = 2.636768341064453
Batch 270, loss = 2.927694082260132
Batch 280, loss = 2.7929654121398926
Batch 290, loss = 2.6256678104400635
Batch 300, loss = 2.792987823486328
Batch 310, loss = 2.9114646911621094
Batch 320, loss = 2.574639320373535
Batch 330, loss = 2.601238250732422
Batch 340, loss = 2.47356915473938
Batch 350, loss = 2.628589391708374
Batch 360, loss = 2.5439248085021973
Batch 370, loss = 2.5387368202209473
Batch 380, loss = 2.513981342315674
Batch 390, loss = 2.471356153488159
Batch 400, loss = 2.6949498653411865
Batch 410, loss = 2.645273208618164
Batch 420, loss = 2.4754345417022705
Batch 430, loss = 2.5680806636810303
Batch 440, loss = 2.8030924797058105
Batch 450, loss = 2.5443994998931885
Batch 460, loss = 2.451256036758423
Batch 470, loss = 2.5786843299865723
Batch 480, loss = 2.638383388519287
Batch 490, loss = 2.7491397857666016
Batch 500, loss = 2.3881325721740723
Batch 510, loss = 2.7744064331054688
Batch 520, loss = 2.5382606983184814
Batch 530, loss = 2.8997249603271484
Batch 540, loss = 2.7691047191619873
Batch 550, loss = 2.419502019882202
Batch 560, loss = 2.7484233379364014
Batch 570, loss = 2.3191723823547363
Batch 580, loss = 2.3926825523376465
Batch 590, loss = 2.5210180282592773
Batch 600, loss = 2.450895309448242
Batch 610, loss = 2.4723827838897705
Batch 620, loss = 2.7097227573394775
Batch 630, loss = 2.6105220317840576
Batch 640, loss = 2.531994581222534
Batch 650, loss = 2.6423068046569824
Batch 660, loss = 2.7104527950286865
Batch 670, loss = 2.6243906021118164
Batch 680, loss = 2.812046527862549
Batch 690, loss = 2.3024559020996094
Batch 700, loss = 2.014911651611328
Batch 710, loss = 2.5561411380767822
Batch 720, loss = 2.81606388092041
Batch 730, loss = 2.2617292404174805
Batch 740, loss = 2.4711461067199707
Batch 750, loss = 2.4863100051879883
Batch 760, loss = 2.2735323905944824
Batch 770, loss = 2.549884080886841
Batch 780, loss = 2.524287223815918
Batch 790, loss = 2.4754884243011475
Batch 800, loss = 2.713353395462036
Batch 810, loss = 2.820761203765869
Batch 820, loss = 2.8602607250213623
Batch 830, loss = 2.7089293003082275
Batch 840, loss = 2.694376230239868
Batch 850, loss = 2.671752452850342
Batch 860, loss = 2.515934705734253
Batch 870, loss = 2.2900607585906982
Batch 880, loss = 2.790393829345703
Batch 890, loss = 2.6041100025177
Start genre training
Batch 10, loss = 1.8466978073120117
Batch 20, loss = 1.9566681385040283
Batch 30, loss = 1.7735507488250732
Batch 40, loss = 1.6641039848327637
Batch 50, loss = 1.7482001781463623
Batch 60, loss = 1.562241792678833
Batch 70, loss = 1.877541422843933
Batch 80, loss = 1.9607938528060913
Batch 90, loss = 1.6625497341156006
Batch 100, loss = 1.890095591545105
Batch 110, loss = 1.5691766738891602
Batch 120, loss = 1.8441370725631714
Batch 130, loss = 1.6429287195205688
Batch 140, loss = 1.5568783283233643
Batch 150, loss = 1.7080402374267578
Batch 160, loss = 1.6613613367080688
Batch 170, loss = 1.4219400882720947
Batch 180, loss = 1.5148580074310303
Batch 190, loss = 1.4542492628097534
Batch 200, loss = 1.7580593824386597
Batch 210, loss = 1.4721052646636963
Batch 220, loss = 1.7111824750900269
Batch 230, loss = 1.8199878931045532
Batch 240, loss = 1.677573800086975
Batch 250, loss = 1.801336646080017
Batch 260, loss = 1.8073946237564087
Batch 270, loss = 1.3383442163467407
Batch 280, loss = 1.8746877908706665
Batch 290, loss = 1.3743151426315308
Batch 300, loss = 1.879607081413269
Batch 310, loss = 1.4776456356048584
Batch 320, loss = 1.985858678817749
Batch 330, loss = 1.8302409648895264
Batch 340, loss = 1.545528531074524
Batch 350, loss = 1.601980209350586
Batch 360, loss = 1.4660744667053223
Batch 370, loss = 1.6560097932815552
Batch 380, loss = 1.6181612014770508
Batch 390, loss = 1.6142847537994385
Batch 400, loss = 1.69050133228302
Batch 410, loss = 1.7922006845474243
Batch 420, loss = 1.8081841468811035
Batch 430, loss = 1.6826976537704468
Batch 440, loss = 1.620104432106018
Batch 450, loss = 1.7167861461639404
Batch 460, loss = 1.5880130529403687
Batch 470, loss = 1.8552974462509155
Batch 480, loss = 1.8213056325912476
Batch 490, loss = 1.7082499265670776
Batch 500, loss = 1.7184637784957886
Batch 510, loss = 1.3398164510726929
Batch 520, loss = 1.6508386135101318
Batch 530, loss = 1.7326653003692627
Batch 540, loss = 1.6830021142959595
Batch 550, loss = 1.652924656867981
Batch 560, loss = 1.5050894021987915
Batch 570, loss = 1.683271884918213
Batch 580, loss = 1.8000433444976807
Batch 590, loss = 1.622939109802246
Batch 600, loss = 1.7834309339523315
Batch 610, loss = 2.0632681846618652
Batch 620, loss = 1.8627976179122925
Batch 630, loss = 1.5912203788757324
Batch 640, loss = 1.7220696210861206
Batch 650, loss = 1.6928155422210693
Batch 660, loss = 1.7132453918457031
Batch 670, loss = 1.71055269241333
Batch 680, loss = 1.4540915489196777
Batch 690, loss = 1.8506684303283691
Batch 700, loss = 1.8008664846420288
Batch 710, loss = 1.5853506326675415
Start artist training
Batch 10, loss = 2.5775368213653564
Batch 20, loss = 2.6160597801208496
Batch 30, loss = 2.5421125888824463
Batch 40, loss = 2.23476243019104
Batch 50, loss = 2.6085000038146973
Batch 60, loss = 2.50229811668396
Batch 70, loss = 2.5632424354553223
Batch 80, loss = 2.3882763385772705
Batch 90, loss = 2.4658823013305664
Batch 100, loss = 2.5902962684631348
Batch 110, loss = 2.3876900672912598
Batch 120, loss = 2.42626953125
Batch 130, loss = 2.4990930557250977
Batch 140, loss = 2.309879779815674
Batch 150, loss = 2.431206226348877
Batch 160, loss = 2.678032875061035
Batch 170, loss = 2.4498581886291504
Batch 180, loss = 2.416991949081421
Batch 190, loss = 2.0024030208587646
Batch 200, loss = 2.600005626678467
Start epoch 10
Start style training
Batch 10, loss = 2.420292377471924
Batch 20, loss = 2.9877431392669678
Batch 30, loss = 2.7447619438171387
Batch 40, loss = 2.768648624420166
Batch 50, loss = 2.501197099685669
Batch 60, loss = 2.6384432315826416
Batch 70, loss = 2.3491015434265137
Batch 80, loss = 2.378047227859497
Batch 90, loss = 2.605808973312378
Batch 100, loss = 2.6410298347473145
Batch 110, loss = 2.930941581726074
Batch 120, loss = 2.6259679794311523
Batch 130, loss = 2.9429070949554443
Batch 140, loss = 2.270615339279175
Batch 150, loss = 2.8024117946624756
Batch 160, loss = 2.73093318939209
Batch 170, loss = 2.68906831741333
Batch 180, loss = 2.815558671951294
Batch 190, loss = 2.676046133041382
Batch 200, loss = 2.5564796924591064
Batch 210, loss = 2.4931576251983643
Batch 220, loss = 2.7805428504943848
Batch 230, loss = 2.5639312267303467
Batch 240, loss = 2.4437875747680664
Batch 250, loss = 2.467475175857544
Batch 260, loss = 2.598430633544922
Batch 270, loss = 2.727088212966919
Batch 280, loss = 2.5873048305511475
Batch 290, loss = 2.4615869522094727
Batch 300, loss = 2.6207382678985596
Batch 310, loss = 2.588167905807495
Batch 320, loss = 2.6241250038146973
Batch 330, loss = 2.5790231227874756
Batch 340, loss = 2.4673104286193848
Batch 350, loss = 2.4670140743255615
Batch 360, loss = 2.734301805496216
Batch 370, loss = 2.7948853969573975
Batch 380, loss = 2.5129311084747314
Batch 390, loss = 2.2323100566864014
Batch 400, loss = 2.7083616256713867
Batch 410, loss = 2.55881929397583
Batch 420, loss = 2.4204256534576416
Batch 430, loss = 2.722015380859375
Batch 440, loss = 2.487048864364624
Batch 450, loss = 2.5677523612976074
Batch 460, loss = 2.6531286239624023
Batch 470, loss = 2.4362339973449707
Batch 480, loss = 2.66143798828125
Batch 490, loss = 2.976914167404175
Batch 500, loss = 2.521371364593506
Batch 510, loss = 2.498380661010742
Batch 520, loss = 2.6232898235321045
Batch 530, loss = 2.079435110092163
Batch 540, loss = 2.6669182777404785
Batch 550, loss = 2.9490153789520264
Batch 560, loss = 2.525204658508301
Batch 570, loss = 2.3384788036346436
Batch 580, loss = 2.574212074279785
Batch 590, loss = 2.2035906314849854
Batch 600, loss = 2.255568027496338
Batch 610, loss = 2.6015923023223877
Batch 620, loss = 2.310699701309204
Batch 630, loss = 2.987400531768799
Batch 640, loss = 2.442554473876953
Batch 650, loss = 2.011904239654541
Batch 660, loss = 2.8647758960723877
Batch 670, loss = 2.58933424949646
Batch 680, loss = 2.838831901550293
Batch 690, loss = 2.7161154747009277
Batch 700, loss = 2.4148976802825928
Batch 710, loss = 2.8410415649414062
Batch 720, loss = 2.816643714904785
Batch 730, loss = 2.3508105278015137
Batch 740, loss = 2.7866480350494385
Batch 750, loss = 2.7038886547088623
Batch 760, loss = 2.6850621700286865
Batch 770, loss = 2.6412830352783203
Batch 780, loss = 2.644624948501587
Batch 790, loss = 2.5484418869018555
Batch 800, loss = 2.5589406490325928
Batch 810, loss = 2.3533241748809814
Batch 820, loss = 2.9599263668060303
Batch 830, loss = 2.4352872371673584
Batch 840, loss = 3.088587522506714
Batch 850, loss = 3.2186851501464844
Batch 860, loss = 2.590472936630249
Batch 870, loss = 2.9211418628692627
Batch 880, loss = 2.9313478469848633
Batch 890, loss = 2.56076979637146
Start genre training
Batch 10, loss = 1.6989176273345947
Batch 20, loss = 1.3364970684051514
Batch 30, loss = 1.5719527006149292
Batch 40, loss = 1.7378062009811401
Batch 50, loss = 1.9236608743667603
Batch 60, loss = 1.8673382997512817
Batch 70, loss = 1.6691067218780518
Batch 80, loss = 2.171846389770508
Batch 90, loss = 1.7207461595535278
Batch 100, loss = 1.7464596033096313
Batch 110, loss = 1.5560346841812134
Batch 120, loss = 1.3711588382720947
Batch 130, loss = 1.6292779445648193
Batch 140, loss = 1.7051225900650024
Batch 150, loss = 1.7548311948776245
Batch 160, loss = 1.3480281829833984
Batch 170, loss = 1.63388991355896
Batch 180, loss = 1.7852574586868286
Batch 190, loss = 1.624887228012085
Batch 200, loss = 1.6596910953521729
Batch 210, loss = 1.6545469760894775
Batch 220, loss = 1.6891793012619019
Batch 230, loss = 1.6662498712539673
Batch 240, loss = 2.0914828777313232
Batch 250, loss = 1.297773003578186
Batch 260, loss = 1.7920175790786743
Batch 270, loss = 1.931929111480713
Batch 280, loss = 1.9789469242095947
Batch 290, loss = 1.607954502105713
Batch 300, loss = 1.3871906995773315
Batch 310, loss = 1.7224385738372803
Batch 320, loss = 1.6751885414123535
Batch 330, loss = 1.4557437896728516
Batch 340, loss = 1.7309612035751343
Batch 350, loss = 1.7153221368789673
Batch 360, loss = 1.7063086032867432
Batch 370, loss = 1.79790461063385
Batch 380, loss = 1.5053399801254272
Batch 390, loss = 1.2756072282791138
Batch 400, loss = 1.7359338998794556
Batch 410, loss = 1.9357202053070068
Batch 420, loss = 1.7250131368637085
Batch 430, loss = 1.894817590713501
Batch 440, loss = 1.7456785440444946
Batch 450, loss = 1.5016592741012573
Batch 460, loss = 1.5338422060012817
Batch 470, loss = 1.5536967515945435
Batch 480, loss = 1.8006318807601929
Batch 490, loss = 1.7087899446487427
Batch 500, loss = 1.5771509408950806
Batch 510, loss = 1.594090223312378
Batch 520, loss = 1.7862857580184937
Batch 530, loss = 1.750409722328186
Batch 540, loss = 1.6204217672348022
Batch 550, loss = 1.6412067413330078
Batch 560, loss = 1.492487907409668
Batch 570, loss = 1.7936044931411743
Batch 580, loss = 1.6032484769821167
Batch 590, loss = 1.676714539527893
Batch 600, loss = 1.6008079051971436
Batch 610, loss = 1.6384222507476807
Batch 620, loss = 1.721468448638916
Batch 630, loss = 1.9757392406463623
Batch 640, loss = 1.9186509847640991
Batch 650, loss = 1.8700535297393799
Batch 660, loss = 1.4297937154769897
Batch 670, loss = 1.4900583028793335
Batch 680, loss = 1.5615437030792236
Batch 690, loss = 1.497551679611206
Batch 700, loss = 1.892797827720642
Batch 710, loss = 1.6600487232208252
Start artist training
Batch 10, loss = 2.4304418563842773
Batch 20, loss = 2.3599841594696045
Batch 30, loss = 2.269727945327759
Batch 40, loss = 2.421487331390381
Batch 50, loss = 2.547487258911133
Batch 60, loss = 2.310495376586914
Batch 70, loss = 2.2732343673706055
Batch 80, loss = 2.3594436645507812
Batch 90, loss = 2.2516350746154785
Batch 100, loss = 2.418637990951538
Batch 110, loss = 2.230470895767212
Batch 120, loss = 2.4679415225982666
Batch 130, loss = 2.492037057876587
Batch 140, loss = 2.4000303745269775
Batch 150, loss = 2.349776029586792
Batch 160, loss = 2.4887311458587646
Batch 170, loss = 2.410203456878662
Batch 180, loss = 2.377175807952881
Batch 190, loss = 2.3604109287261963
Batch 200, loss = 2.394345760345459
